{"numFailedTestSuites":0,"numFailedTests":0,"numPassedTestSuites":2,"numPassedTests":2,"numPendingTestSuites":0,"numPendingTests":0,"numRuntimeErrorTestSuites":0,"numTodoTests":0,"numTotalTestSuites":2,"numTotalTests":2,"openHandles":[],"snapshot":{"added":0,"didUpdate":false,"failure":false,"filesAdded":0,"filesRemoved":0,"filesRemovedList":[],"filesUnmatched":0,"filesUpdated":0,"matched":0,"total":0,"unchecked":0,"uncheckedKeysByFile":[],"unmatched":0,"updated":0},"startTime":1759830933896,"success":true,"testResults":[{"assertionResults":[{"ancestorTitles":[],"duration":19,"failing":false,"failureDetails":[],"failureMessages":[],"fullName":"Root route works","invocations":1,"location":null,"numPassingAsserts":1,"retryReasons":[],"startAt":1759830934273,"status":"passed","title":"Root route works"}],"endTime":1759830934294,"message":"","name":"/home/lulucodes/coder-academy/advanced-applications-dev1003/mar25-t2w05-intro-to-js-testing/tests/server.test.js","startTime":1759830933946,"status":"passed","summary":""},{"assertionResults":[{"ancestorTitles":[],"duration":0,"failing":false,"failureDetails":[],"failureMessages":[],"fullName":"StringRepeater happy path","invocations":1,"location":null,"numPassingAsserts":1,"retryReasons":[],"startAt":1759830934345,"status":"passed","title":"StringRepeater happy path"}],"endTime":1759830934346,"message":"","name":"/home/lulucodes/coder-academy/advanced-applications-dev1003/mar25-t2w05-intro-to-js-testing/tests/StringRepeater.test.js","startTime":1759830934302,"status":"passed","summary":""}],"wasInterrupted":false}
